<?xml version="1.0" encoding="UTF-8"?>
<testng-results skipped="0" failed="0" total="1" passed="1">
  <reporter-output>
  </reporter-output>
  <suite name="InetBankingV1" duration-ms="25313" started-at="2020-12-24T06:55:18Z" finished-at="2020-12-24T06:55:43Z">
    <groups>
    </groups>
    <test name="Test" duration-ms="25313" started-at="2020-12-24T06:55:18Z" finished-at="2020-12-24T06:55:43Z">
      <class name="com.inetBanking.testCases.TC_AddCustomerTest_003">
        <test-method status="PASS" signature="setup(java.lang.String)[pri:0, instance:com.inetBanking.testCases.TC_AddCustomerTest_003@57829d67]" name="setup" is-config="true" duration-ms="7865" started-at="2020-12-24T12:25:19Z" finished-at="2020-12-24T12:25:27Z">
          <params>
            <param index="0">
              <value>
                <![CDATA[chrome]]>
              </value>
            </param>
          </params>
          <reporter-output>
          </reporter-output>
        </test-method> <!-- setup -->
        <test-method status="PASS" signature="addNewCustomer()[pri:0, instance:com.inetBanking.testCases.TC_AddCustomerTest_003@57829d67]" name="addNewCustomer" duration-ms="15797" started-at="2020-12-24T12:25:27Z" finished-at="2020-12-24T12:25:42Z">
          <reporter-output>
          </reporter-output>
        </test-method> <!-- addNewCustomer -->
        <test-method status="PASS" signature="tearDown()[pri:0, instance:com.inetBanking.testCases.TC_AddCustomerTest_003@57829d67]" name="tearDown" is-config="true" duration-ms="938" started-at="2020-12-24T12:25:42Z" finished-at="2020-12-24T12:25:43Z">
          <reporter-output>
          </reporter-output>
        </test-method> <!-- tearDown -->
      </class> <!-- com.inetBanking.testCases.TC_AddCustomerTest_003 -->
    </test> <!-- Test -->
  </suite> <!-- InetBankingV1 -->
</testng-results>
